# JRE version: OpenJDK Runtime Environment (11.0.15) (build 11.0.15+0-b2043.56-9505619)
# Java VM: OpenJDK 64-Bit Server VM (11.0.15+0-b2043.56-9505619, mixed mode, tiered, compressed oops, g1 gc, windows-amd64)
Heap:
 garbage-first heap   total 196608K, used 134955K [0x0000000080000000, 0x0000000100000000)
  region size 1024K, 18 young (18432K), 4 survivors (4096K)
 Metaspace       used 122979K, capacity 126671K, committed 127272K, reserved 1159168K
  class space    used 15764K, capacity 17185K, committed 17528K, reserved 1048576K
GC Heap History (20 events):
Event: 81.153 GC heap before
{Heap before GC invocations=28 (full 0):
 garbage-first heap   total 196608K, used 159685K [0x0000000080000000, 0x0000000100000000)
  region size 1024K, 50 young (51200K), 7 survivors (7168K)
 Metaspace       used 113444K, capacity 117223K, committed 117288K, reserved 1150976K
  class space    used 14751K, capacity 16236K, committed 16248K, reserved 1048576K
}
Event: 81.165 GC heap after
{Heap after GC invocations=29 (full 0):
 garbage-first heap   total 196608K, used 116173K [0x0000000080000000, 0x0000000100000000)
  region size 1024K, 2 young (2048K), 2 survivors (2048K)
 Metaspace       used 113444K, capacity 117223K, committed 117288K, reserved 1150976K
  class space    used 14751K, capacity 16236K, committed 16248K, reserved 1048576K
}
Event: 81.504 GC heap before
{Heap before GC invocations=29 (full 0):
 garbage-first heap   total 196608K, used 123341K [0x0000000080000000, 0x0000000100000000)
  region size 1024K, 9 young (9216K), 2 survivors (2048K)
 Metaspace       used 114217K, capacity 118064K, committed 118184K, reserved 1150976K
  class space    used 14858K, capacity 16362K, committed 16376K, reserved 1048576K
}
Event: 81.511 GC heap after
{Heap after GC invocations=30 (full 0):
 garbage-first heap   total 196608K, used 116331K [0x0000000080000000, 0x0000000100000000)
  region size 1024K, 2 young (2048K), 2 survivors (2048K)
 Metaspace       used 114217K, capacity 118064K, committed 118184K, reserved 1150976K
  class space    used 14858K, capacity 16362K, committed 16376K, reserved 1048576K
}
Event: 81.855 GC heap before
{Heap before GC invocations=30 (full 0):
 garbage-first heap   total 196608K, used 124523K [0x0000000080000000, 0x0000000100000000)
  region size 1024K, 12 young (12288K), 2 survivors (2048K)
 Metaspace       used 114923K, capacity 118812K, committed 119080K, reserved 1153024K
  class space    used 14941K, capacity 16475K, committed 16504K, reserved 1048576K
}
Event: 81.863 GC heap after
{Heap after GC invocations=31 (full 0):
 garbage-first heap   total 196608K, used 119153K [0x0000000080000000, 0x0000000100000000)
  region size 1024K, 5 young (5120K), 5 survivors (5120K)
 Metaspace       used 114923K, capacity 118812K, committed 119080K, reserved 1153024K
  class space    used 14941K, capacity 16475K, committed 16504K, reserved 1048576K
}
Event: 85.481 GC heap before
{Heap before GC invocations=32 (full 0):
 garbage-first heap   total 196608K, used 158065K [0x0000000080000000, 0x0000000100000000)
  region size 1024K, 43 young (44032K), 5 survivors (5120K)
 Metaspace       used 115498K, capacity 119028K, committed 120104K, reserved 1153024K
  class space    used 14925K, capacity 16296K, committed 16760K, reserved 1048576K
}
Event: 85.489 GC heap after
{Heap after GC invocations=33 (full 0):
 garbage-first heap   total 196608K, used 117266K [0x0000000080000000, 0x0000000100000000)
  region size 1024K, 2 young (2048K), 2 survivors (2048K)
 Metaspace       used 115498K, capacity 119028K, committed 120104K, reserved 1153024K
  class space    used 14925K, capacity 16296K, committed 16760K, reserved 1048576K
}
Event: 85.970 GC heap before
{Heap before GC invocations=33 (full 0):
 garbage-first heap   total 196608K, used 123410K [0x0000000080000000, 0x0000000100000000)
  region size 1024K, 9 young (9216K), 2 survivors (2048K)
 Metaspace       used 116237K, capacity 119894K, committed 121000K, reserved 1153024K
  class space    used 15031K, capacity 16409K, committed 16888K, reserved 1048576K
}
Event: 85.975 GC heap after
{Heap after GC invocations=34 (full 0):
 garbage-first heap   total 196608K, used 115733K [0x0000000080000000, 0x0000000100000000)
  region size 1024K, 1 young (1024K), 1 survivors (1024K)
 Metaspace       used 116237K, capacity 119894K, committed 121000K, reserved 1153024K
  class space    used 15031K, capacity 16409K, committed 16888K, reserved 1048576K
}
Event: 86.963 GC heap before
{Heap before GC invocations=34 (full 0):
 garbage-first heap   total 196608K, used 157717K [0x0000000080000000, 0x0000000100000000)
  region size 1024K, 43 young (44032K), 1 survivors (1024K)
 Metaspace       used 119343K, capacity 122998K, committed 123944K, reserved 1157120K
  class space    used 15444K, capacity 16825K, committed 17272K, reserved 1048576K
}
Event: 86.968 GC heap after
{Heap after GC invocations=35 (full 0):
 garbage-first heap   total 196608K, used 116239K [0x0000000080000000, 0x0000000100000000)
  region size 1024K, 1 young (1024K), 1 survivors (1024K)
 Metaspace       used 119343K, capacity 122998K, committed 123944K, reserved 1157120K
  class space    used 15444K, capacity 16825K, committed 17272K, reserved 1048576K
}
Event: 514.888 GC heap before
{Heap before GC invocations=36 (full 0):
 garbage-first heap   total 196608K, used 188943K [0x0000000080000000, 0x0000000100000000)
  region size 1024K, 45 young (46080K), 1 survivors (1024K)
 Metaspace       used 122051K, capacity 125829K, committed 126504K, reserved 1159168K
  class space    used 15746K, capacity 17151K, committed 17528K, reserved 1048576K
}
Event: 514.898 GC heap after
{Heap after GC invocations=37 (full 0):
 garbage-first heap   total 196608K, used 119118K [0x0000000080000000, 0x0000000100000000)
  region size 1024K, 4 young (4096K), 4 survivors (4096K)
 Metaspace       used 122051K, capacity 125829K, committed 126504K, reserved 1159168K
  class space    used 15746K, capacity 17151K, committed 17528K, reserved 1048576K
}
Event: 515.118 GC heap before
{Heap before GC invocations=37 (full 0):
 garbage-first heap   total 196608K, used 124238K [0x0000000080000000, 0x0000000100000000)
  region size 1024K, 9 young (9216K), 4 survivors (4096K)
 Metaspace       used 122170K, capacity 125943K, committed 126760K, reserved 1159168K
  class space    used 15751K, capacity 17160K, committed 17528K, reserved 1048576K
}
Event: 515.130 GC heap after
{Heap after GC invocations=38 (full 0):
 garbage-first heap   total 196608K, used 111806K [0x0000000080000000, 0x0000000100000000)
  region size 1024K, 2 young (2048K), 2 survivors (2048K)
 Metaspace       used 122170K, capacity 125943K, committed 126760K, reserved 1159168K
  class space    used 15751K, capacity 17160K, committed 17528K, reserved 1048576K
}
Event: 516.950 GC heap before
{Heap before GC invocations=38 (full 0):
 garbage-first heap   total 196608K, used 157886K [0x0000000080000000, 0x0000000100000000)
  region size 1024K, 48 young (49152K), 2 survivors (2048K)
 Metaspace       used 122857K, capacity 126663K, committed 127272K, reserved 1159168K
  class space    used 15764K, capacity 17184K, committed 17528K, reserved 1048576K
}
Event: 516.963 GC heap after
{Heap after GC invocations=39 (full 0):
 garbage-first heap   total 196608K, used 117026K [0x0000000080000000, 0x0000000100000000)
  region size 1024K, 6 young (6144K), 6 survivors (6144K)
 Metaspace       used 122857K, capacity 126663K, committed 127272K, reserved 1159168K
  class space    used 15764K, capacity 17184K, committed 17528K, reserved 1048576K
}
Event: 518.294 GC heap before
{Heap before GC invocations=39 (full 0):
 garbage-first heap   total 196608K, used 131362K [0x0000000080000000, 0x0000000100000000)
  region size 1024K, 22 young (22528K), 6 survivors (6144K)
 Metaspace       used 122967K, capacity 126671K, committed 127272K, reserved 1159168K
  class space    used 15764K, capacity 17185K, committed 17528K, reserved 1048576K
}
Event: 518.328 GC heap after
{Heap after GC invocations=40 (full 0):
 garbage-first heap   total 196608K, used 120619K [0x0000000080000000, 0x0000000100000000)
  region size 1024K, 4 young (4096K), 4 survivors (4096K)
 Metaspace       used 122967K, capacity 126671K, committed 127272K, reserved 1159168K
  class space    used 15764K, capacity 17185K, committed 17528K, reserved 1048576K
}

